2018-06-22 22:31:06 INFO  ReadExcel:22 - Reading Login data from excel
2018-06-22 22:31:21 INFO  LoginPO:101 - Login_Page_Object_Class- To load all the Webelements for Login page 
2018-06-22 22:31:25 INFO  ReadExcel:65 - Reading data for Add Empl
2018-06-22 22:31:40 INFO  LoginPO:101 - Login_Page_Object_Class- To load all the Webelements for Login page 
2018-06-22 22:31:47 INFO  PimPO:64 - PimPO_Page_Object_Class- To load all the Webelements for Add Employee page
2018-06-22 22:32:11 INFO  LoginPO:101 - Login_Page_Object_Class- To load all the Webelements for Login page 
2018-06-22 22:32:16 INFO  PimPO:64 - PimPO_Page_Object_Class- To load all the Webelements for Add Employee page
2018-06-22 22:32:39 INFO  LoginPO:101 - Login_Page_Object_Class- To load all the Webelements for Login page 
2018-06-22 22:32:43 INFO  PimPO:64 - PimPO_Page_Object_Class- To load all the Webelements for Add Employee page
2018-06-22 22:51:43 INFO  ReadExcel:22 - Reading Login data from excel
2018-06-22 22:51:59 INFO  LoginPO:101 - Login_Page_Object_Class- To load all the Webelements for Login page 
2018-06-22 22:53:11 INFO  ReadExcel:22 - Reading Login data from excel
2018-06-22 22:53:27 INFO  LoginPO:101 - Login_Page_Object_Class- To load all the Webelements for Login page 
2018-06-22 22:53:45 INFO  LoginPO:101 - Login_Page_Object_Class- To load all the Webelements for Login page 
2018-06-22 22:53:58 INFO  ReadExcel:22 - Reading Login data from excel
2018-06-22 22:54:12 INFO  LoginPO:101 - Login_Page_Object_Class- To load all the Webelements for Login page 
2018-06-22 22:54:25 INFO  ReadExcel:22 - Reading Login data from excel
2018-06-22 22:54:39 INFO  LoginPO:101 - Login_Page_Object_Class- To load all the Webelements for Login page 
2018-06-22 22:54:52 INFO  ReadExcel:65 - Reading data for Add Empl
2018-06-22 22:55:06 INFO  LoginPO:101 - Login_Page_Object_Class- To load all the Webelements for Login page 
2018-06-22 22:55:11 INFO  PimPO:64 - PimPO_Page_Object_Class- To load all the Webelements for Add Employee page
2018-06-22 23:12:32 INFO  ReadExcel:22 - Reading Login data from excel
2018-06-22 23:12:48 INFO  LoginPO:101 - Login_Page_Object_Class- To load all the Webelements for Login page 
2018-06-22 23:13:17 INFO  LoginPO:101 - Login_Page_Object_Class- To load all the Webelements for Login page 
2018-06-22 23:14:03 INFO  ReadExcel:22 - Reading Login data from excel
2018-06-22 23:14:17 INFO  LoginPO:101 - Login_Page_Object_Class- To load all the Webelements for Login page 
2018-06-22 23:14:30 INFO  ReadExcel:22 - Reading Login data from excel
2018-06-22 23:14:44 INFO  LoginPO:101 - Login_Page_Object_Class- To load all the Webelements for Login page 
2018-06-22 23:18:00 INFO  ReadExcel:22 - Reading Login data from excel
2018-06-22 23:18:16 INFO  LoginPO:101 - Login_Page_Object_Class- To load all the Webelements for Login page 
2018-06-22 23:18:33 INFO  LoginPO:101 - Login_Page_Object_Class- To load all the Webelements for Login page 
2018-06-22 23:18:47 INFO  ReadExcel:22 - Reading Login data from excel
2018-06-22 23:19:01 INFO  LoginPO:101 - Login_Page_Object_Class- To load all the Webelements for Login page 
2018-06-22 23:19:14 INFO  ReadExcel:22 - Reading Login data from excel
2018-06-22 23:19:28 INFO  LoginPO:101 - Login_Page_Object_Class- To load all the Webelements for Login page 
2018-06-22 23:24:56 INFO  ReadExcel:22 - Reading Login data from excel
2018-06-22 23:25:12 INFO  LoginPO:101 - Login_Page_Object_Class- To load all the Webelements for Login page 
2018-06-22 23:26:27 INFO  ReadExcel:22 - Reading Login data from excel
2018-06-22 23:38:58 INFO  ReadExcel:22 - Reading Login data from excel
2018-06-22 23:39:14 INFO  LoginPO:101 - Login_Page_Object_Class- To load all the Webelements for Login page 
2018-06-22 23:39:31 INFO  LoginPO:101 - Login_Page_Object_Class- To load all the Webelements for Login page 
2018-06-22 23:46:41 INFO  ReadExcel:22 - Reading Login data from excel
2018-06-22 23:46:56 INFO  LoginPO:101 - Login_Page_Object_Class- To load all the Webelements for Login page 
2018-06-22 23:48:08 INFO  ReadExcel:22 - Reading Login data from excel
2018-06-22 23:48:24 INFO  LoginPO:101 - Login_Page_Object_Class- To load all the Webelements for Login page 
2018-06-22 23:48:41 INFO  LoginPO:101 - Login_Page_Object_Class- To load all the Webelements for Login page 
2018-06-22 23:48:54 INFO  ReadExcel:22 - Reading Login data from excel
2018-06-22 23:49:08 INFO  LoginPO:101 - Login_Page_Object_Class- To load all the Webelements for Login page 
2018-06-22 23:49:10 INFO  RetryExec:94 - I/O exception (java.net.SocketException) caught when processing request to {}->http://127.0.0.1:7057: Connection reset
2018-06-22 23:49:10 INFO  RetryExec:110 - Retrying request to {}->http://127.0.0.1:7057
2018-06-22 23:49:11 INFO  ReadExcel:22 - Reading Login data from excel
